app/build/intermediates/manifest_merge_blame_file/release/manifest-merger-blame-release-report.txt
1<?xml version="1.0" encoding="utf-8"?>
2<manifest xmlns:android="http://schemas.android.com/apk/res/android"
3    package="com.voltnexis.qoutes"
4    android:versionCode="1"
5    android:versionName="1.0" >
6
7    <uses-sdk
8        android:minSdkVersion="21"
9        android:targetSdkVersion="34" />
10
11    <uses-permission android:name="android.permission.INTERNET" />
11-->src\main\AndroidManifest.xml:4:5-67
11-->src\main\AndroidManifest.xml:4:22-64
12    <uses-permission android:name="android.permission.WRITE_EXTERNAL_STORAGE" />
12-->src\main\AndroidManifest.xml:5:5-81
12-->src\main\AndroidManifest.xml:5:22-78
13    <uses-permission android:name="android.permission.READ_EXTERNAL_STORAGE" />
13-->src\main\AndroidManifest.xml:6:5-80
13-->src\main\AndroidManifest.xml:6:22-77
14
15    <application
15-->src\main\AndroidManifest.xml:8:5-23:19
16        android:allowBackup="true"
16-->src\main\AndroidManifest.xml:9:9-35
17        android:extractNativeLibs="true"
18        android:icon="@drawable/icon"
18-->src\main\AndroidManifest.xml:10:9-38
19        android:label="Quotes Generator"
19-->src\main\AndroidManifest.xml:11:9-41
20        android:theme="@android:style/Theme.NoTitleBar" >
20-->src\main\AndroidManifest.xml:12:9-56
21        <activity
21-->src\main\AndroidManifest.xml:14:9-21:20
22            android:name="com.voltnexis.MainActivity"
22-->src\main\AndroidManifest.xml:15:13-41
23            android:exported="true" >
23-->src\main\AndroidManifest.xml:16:13-36
24            <intent-filter>
24-->src\main\AndroidManifest.xml:17:13-20:29
25                <action android:name="android.intent.action.MAIN" />
25-->src\main\AndroidManifest.xml:18:17-69
25-->src\main\AndroidManifest.xml:18:25-66
26
27                <category android:name="android.intent.category.LAUNCHER" />
27-->src\main\AndroidManifest.xml:19:17-77
27-->src\main\AndroidManifest.xml:19:27-74
28            </intent-filter>
29        </activity>
30    </application>
31
32</manifest>